Antminer-KS3-CV-release-202309252103/BOOT.bin_extract/gzip.uncompressed_extract/bin/busybox
Antminer-KS3-CV-release-202309252103/BOOT.bin_extract/gzip.uncompressed_extract/mnt/system/ko/configfs.ko
Antminer-KS3-CV-release-202309252103/BOOT.bin_extract/gzip.uncompressed_extract/mnt/system/ko/cv183x_wdt.ko
Antminer-KS3-CV-release-202309252103/BOOT.bin_extract/gzip.uncompressed_extract/mnt/system/ko/uart_trans.ko
Antminer-KS3-CV-release-202309252103/BOOT.bin_extract/gzip.uncompressed_extract/usr/bin/FileParser
Antminer-KS3-CV-release-202309252103/BOOT.bin_extract/gzip.uncompressed_extract/usr/bin/attr
Antminer-KS3-CV-release-202309252103/BOOT.bin_extract/gzip.uncompressed_extract/usr/bin/chacl
Antminer-KS3-CV-release-202309252103/BOOT.bin_extract/gzip.uncompressed_extract/usr/bin/cvtsudoers
Antminer-KS3-CV-release-202309252103/BOOT.bin_extract/gzip.uncompressed_extract/usr/bin/getfacl
Antminer-KS3-CV-release-202309252103/BOOT.bin_extract/gzip.uncompressed_extract/usr/bin/getfattr
Antminer-KS3-CV-release-202309252103/BOOT.bin_extract/gzip.uncompressed_extract/usr/bin/godminer
Antminer-KS3-CV-release-202309252103/BOOT.bin_extract/gzip.uncompressed_extract/usr/bin/jq
Antminer-KS3-CV-release-202309252103/BOOT.bin_extract/gzip.uncompressed_extract/usr/bin/monitor-ipsig
Antminer-KS3-CV-release-202309252103/BOOT.bin_extract/gzip.uncompressed_extract/usr/bin/monitor-recobtn
Antminer-KS3-CV-release-202309252103/BOOT.bin_extract/gzip.uncompressed_extract/usr/bin/ntpdate
Antminer-KS3-CV-release-202309252103/BOOT.bin_extract/gzip.uncompressed_extract/usr/bin/setfacl
Antminer-KS3-CV-release-202309252103/BOOT.bin_extract/gzip.uncompressed_extract/usr/bin/setfattr
Antminer-KS3-CV-release-202309252103/BOOT.bin_extract/gzip.uncompressed_extract/usr/bin/sudo
Antminer-KS3-CV-release-202309252103/BOOT.bin_extract/gzip.uncompressed_extract/usr/bin/sudoreplay
Antminer-KS3-CV-release-202309252103/BOOT.bin_extract/gzip.uncompressed_extract/usr/bin/xmlwf
Antminer-KS3-CV-release-202309252103/BOOT.bin_extract/gzip.uncompressed_extract/usr/lib/libavahi-core.so.7.0.2
Antminer-KS3-CV-release-202309252103/BOOT.bin_extract/gzip.uncompressed_extract/usr/lib/libcrypto.so.1.1
Antminer-KS3-CV-release-202309252103/BOOT.bin_extract/gzip.uncompressed_extract/usr/lib/libiptc.so.0.0.0
Antminer-KS3-CV-release-202309252103/BOOT.bin_extract/gzip.uncompressed_extract/usr/libexec/sudo/group_file.so
Antminer-KS3-CV-release-202309252103/BOOT.bin_extract/gzip.uncompressed_extract/usr/libexec/sudo/sudoers.so
Antminer-KS3-CV-release-202309252103/BOOT.bin_extract/gzip.uncompressed_extract/usr/libexec/sudo/system_group.so
Antminer-KS3-CV-release-202309252103/BOOT.bin_extract/gzip.uncompressed_extract/usr/sbin/avahi-autoipd
Antminer-KS3-CV-release-202309252103/BOOT.bin_extract/gzip.uncompressed_extract/usr/sbin/avahi-daemon
Antminer-KS3-CV-release-202309252103/BOOT.bin_extract/gzip.uncompressed_extract/usr/sbin/avahi-dnsconfd
Antminer-KS3-CV-release-202309252103/BOOT.bin_extract/gzip.uncompressed_extract/usr/sbin/lighttpd
Antminer-KS3-CV-release-202309252103/BOOT.bin_extract/gzip.uncompressed_extract/usr/sbin/ntpd
Antminer-KS3-CV-release-202309252103/BOOT.bin_extract/gzip.uncompressed_extract/usr/sbin/update-daemon
Antminer-KS3-CV-release-202309252103/BOOT.bin_extract/gzip.uncompressed_extract/usr/sbin/visudo
Antminer-KS3-CV-release-202309252103/BOOT.bin_extract/gzip.uncompressed_extract/usr/sbin/xtables-legacy-multi
Antminer-KS3-CV-release-202311170946/BOOT.bin_extract/gzip.uncompressed_extract/bin/busybox
Antminer-KS3-CV-release-202311170946/BOOT.bin_extract/gzip.uncompressed_extract/usr/bin/godminer
Antminer-KS3-CV-release-202311170946/BOOT.bin_extract/gzip.uncompressed_extract/usr/bin/monitor-ipsig
Antminer-KS3-CV-release-202311170946/BOOT.bin_extract/gzip.uncompressed_extract/usr/bin/monitor-recobtn
Antminer-KS3-CV-release-202311170946/BOOT.bin_extract/gzip.uncompressed_extract/usr/bin/ntpdate
Antminer-KS3-CV-release-202311170946/BOOT.bin_extract/gzip.uncompressed_extract/usr/lib/libcrypto.so.1.1
Antminer-KS3-CV-release-202311170946/BOOT.bin_extract/gzip.uncompressed_extract/usr/sbin/lighttpd
Antminer-KS3-CV-release-202311170946/BOOT.bin_extract/gzip.uncompressed_extract/usr/sbin/ntpd
Antminer-KS3-CV-release-202404091643/BOOT.bin_extract/gzip.uncompressed_extract/bin/busybox
Antminer-KS3-CV-release-202404091643/BOOT.bin_extract/gzip.uncompressed_extract/usr/bin/cgminer-api
Antminer-KS3-CV-release-202404091643/BOOT.bin_extract/gzip.uncompressed_extract/usr/bin/godminer
Antminer-KS3-CV-release-202404091643/BOOT.bin_extract/gzip.uncompressed_extract/usr/bin/monitor-ipsig
Antminer-KS3-CV-release-202404091643/BOOT.bin_extract/gzip.uncompressed_extract/usr/bin/monitor-recobtn
Antminer-KS3-CV-release-202404091643/BOOT.bin_extract/gzip.uncompressed_extract/usr/bin/ntpdate
Antminer-KS3-CV-release-202404091643/BOOT.bin_extract/gzip.uncompressed_extract/usr/lib/libcrypto.so.1.1
Antminer-KS3-CV-release-202404091643/BOOT.bin_extract/gzip.uncompressed_extract/usr/sbin/lighttpd
Antminer-KS3-CV-release-202404091643/BOOT.bin_extract/gzip.uncompressed_extract/usr/sbin/ntpd
Antminer-KS5&Pro-CV-release-202405131155/BOOT.bin_extract/gzip.uncompressed_extract/bin/busybox
Antminer-KS5&Pro-CV-release-202405131155/BOOT.bin_extract/gzip.uncompressed_extract/usr/bin/godminer
Antminer-KS5&Pro-CV-release-202405131155/BOOT.bin_extract/gzip.uncompressed_extract/usr/bin/monitor-ipsig
Antminer-KS5&Pro-CV-release-202405131155/BOOT.bin_extract/gzip.uncompressed_extract/usr/bin/monitor-recobtn
Antminer-KS5&Pro-CV-release-202405131155/BOOT.bin_extract/gzip.uncompressed_extract/usr/bin/ntpdate
Antminer-KS5&Pro-CV-release-202405131155/BOOT.bin_extract/gzip.uncompressed_extract/usr/lib/libcrypto.so.1.1
Antminer-KS5&Pro-CV-release-202405131155/BOOT.bin_extract/gzip.uncompressed_extract/usr/sbin/lighttpd
Antminer-KS5&Pro-CV-release-202405131155/BOOT.bin_extract/gzip.uncompressed_extract/usr/sbin/ntpd
Antminer-KS5-CV-release-202408051728/BOOT.bin_extract/gzip.uncompressed_extract/bin/busybox
Antminer-KS5-CV-release-202408051728/BOOT.bin_extract/gzip.uncompressed_extract/bin/e2fsck
Antminer-KS5-CV-release-202408051728/BOOT.bin_extract/gzip.uncompressed_extract/bin/parted
Antminer-KS5-CV-release-202408051728/BOOT.bin_extract/gzip.uncompressed_extract/bin/parted_extract/0-470063.elf64_extract/carved.elf
Antminer-KS5-CV-release-202408051728/BOOT.bin_extract/gzip.uncompressed_extract/bin/resize2fs
Antminer-KS5-CV-release-202408051728/BOOT.bin_extract/gzip.uncompressed_extract/lib/debug/libstdc++.so.6.0.24
Antminer-KS5-CV-release-202408051728/BOOT.bin_extract/gzip.uncompressed_extract/lib/ld-2.25.so
Antminer-KS5-CV-release-202408051728/BOOT.bin_extract/gzip.uncompressed_extract/lib/libanl-2.25.so
Antminer-KS5-CV-release-202408051728/BOOT.bin_extract/gzip.uncompressed_extract/lib/libatomic.so.1.2.0
Antminer-KS5-CV-release-202408051728/BOOT.bin_extract/gzip.uncompressed_extract/lib/libc-2.25.so
Antminer-KS5-CV-release-202408051728/BOOT.bin_extract/gzip.uncompressed_extract/lib/libcrypt-2.25.so
Antminer-KS5-CV-release-202408051728/BOOT.bin_extract/gzip.uncompressed_extract/lib/libdl-2.25.so
Antminer-KS5-CV-release-202408051728/BOOT.bin_extract/gzip.uncompressed_extract/lib/libgcc_s.so.1
Antminer-KS5-CV-release-202408051728/BOOT.bin_extract/gzip.uncompressed_extract/lib/libm-2.25.so
Antminer-KS5-CV-release-202408051728/BOOT.bin_extract/gzip.uncompressed_extract/lib/libnsl-2.25.so
Antminer-KS5-CV-release-202408051728/BOOT.bin_extract/gzip.uncompressed_extract/lib/libnss_dns-2.25.so
Antminer-KS5-CV-release-202408051728/BOOT.bin_extract/gzip.uncompressed_extract/lib/libnss_files-2.25.so
Antminer-KS5-CV-release-202408051728/BOOT.bin_extract/gzip.uncompressed_extract/lib/libpthread-2.25.so
Antminer-KS5-CV-release-202408051728/BOOT.bin_extract/gzip.uncompressed_extract/lib/libresolv-2.25.so
Antminer-KS5-CV-release-202408051728/BOOT.bin_extract/gzip.uncompressed_extract/lib/librt-2.25.so
Antminer-KS5-CV-release-202408051728/BOOT.bin_extract/gzip.uncompressed_extract/lib/libstdc++.so.6.0.24
Antminer-KS5-CV-release-202408051728/BOOT.bin_extract/gzip.uncompressed_extract/lib/libutil-2.25.so
Antminer-KS5-CV-release-202408051728/BOOT.bin_extract/gzip.uncompressed_extract/lib/libuuid.so.1.3.0
Antminer-KS5-CV-release-202408051728/BOOT.bin_extract/gzip.uncompressed_extract/lib/modules/cv183x_base.ko
Antminer-KS5-CV-release-202408051728/BOOT.bin_extract/gzip.uncompressed_extract/lib/modules/cv183x_pwm.ko
Antminer-KS5-CV-release-202408051728/BOOT.bin_extract/gzip.uncompressed_extract/lib/modules/uart_trans.ko
Antminer-KS5-CV-release-202408051728/BOOT.bin_extract/gzip.uncompressed_extract/mnt/system/ko/configfs.ko
Antminer-KS5-CV-release-202408051728/BOOT.bin_extract/gzip.uncompressed_extract/mnt/system/ko/cv183x_wdt.ko
Antminer-KS5-CV-release-202408051728/BOOT.bin_extract/gzip.uncompressed_extract/mnt/system/ko/uart_trans.ko
Antminer-KS5-CV-release-202408051728/BOOT.bin_extract/gzip.uncompressed_extract/sbin/halt
Antminer-KS5-CV-release-202408051728/BOOT.bin_extract/gzip.uncompressed_extract/sbin/id2mac
Antminer-KS5-CV-release-202408051728/BOOT.bin_extract/gzip.uncompressed_extract/sbin/init
Antminer-KS5-CV-release-202408051728/BOOT.bin_extract/gzip.uncompressed_extract/sbin/killall5
Antminer-KS5-CV-release-202408051728/BOOT.bin_extract/gzip.uncompressed_extract/sbin/shutdown
Antminer-KS5-CV-release-202408051728/BOOT.bin_extract/gzip.uncompressed_extract/usr/bin/FileParser
Antminer-KS5-CV-release-202408051728/BOOT.bin_extract/gzip.uncompressed_extract/usr/bin/attr
Antminer-KS5-CV-release-202408051728/BOOT.bin_extract/gzip.uncompressed_extract/usr/bin/cgminer-api
Antminer-KS5-CV-release-202408051728/BOOT.bin_extract/gzip.uncompressed_extract/usr/bin/chacl
Antminer-KS5-CV-release-202408051728/BOOT.bin_extract/gzip.uncompressed_extract/usr/bin/cvi_pinmux
Antminer-KS5-CV-release-202408051728/BOOT.bin_extract/gzip.uncompressed_extract/usr/bin/cvidaemon
Antminer-KS5-CV-release-202408051728/BOOT.bin_extract/gzip.uncompressed_extract/usr/bin/cvtsudoers
Antminer-KS5-CV-release-202408051728/BOOT.bin_extract/gzip.uncompressed_extract/usr/bin/getfacl
Antminer-KS5-CV-release-202408051728/BOOT.bin_extract/gzip.uncompressed_extract/usr/bin/getfattr
Antminer-KS5-CV-release-202408051728/BOOT.bin_extract/gzip.uncompressed_extract/usr/bin/godminer
Antminer-KS5-CV-release-202408051728/BOOT.bin_extract/gzip.uncompressed_extract/usr/bin/jq
Antminer-KS5-CV-release-202408051728/BOOT.bin_extract/gzip.uncompressed_extract/usr/bin/kmod
Antminer-KS5-CV-release-202408051728/BOOT.bin_extract/gzip.uncompressed_extract/usr/bin/monitor-ipsig
Antminer-KS5-CV-release-202408051728/BOOT.bin_extract/gzip.uncompressed_extract/usr/bin/monitor-recobtn
Antminer-KS5-CV-release-202408051728/BOOT.bin_extract/gzip.uncompressed_extract/usr/bin/ntpdate
Antminer-KS5-CV-release-202408051728/BOOT.bin_extract/gzip.uncompressed_extract/usr/bin/openssl
Antminer-KS5-CV-release-202408051728/BOOT.bin_extract/gzip.uncompressed_extract/usr/bin/setfacl
Antminer-KS5-CV-release-202408051728/BOOT.bin_extract/gzip.uncompressed_extract/usr/bin/setfattr
Antminer-KS5-CV-release-202408051728/BOOT.bin_extract/gzip.uncompressed_extract/usr/bin/sudo
Antminer-KS5-CV-release-202408051728/BOOT.bin_extract/gzip.uncompressed_extract/usr/bin/sudoreplay
Antminer-KS5-CV-release-202408051728/BOOT.bin_extract/gzip.uncompressed_extract/usr/bin/xmlwf
Antminer-KS5-CV-release-202408051728/BOOT.bin_extract/gzip.uncompressed_extract/usr/lib/libacl.so.1.1.2253
Antminer-KS5-CV-release-202408051728/BOOT.bin_extract/gzip.uncompressed_extract/usr/lib/libaio.so.1.0.1
Antminer-KS5-CV-release-202408051728/BOOT.bin_extract/gzip.uncompressed_extract/usr/lib/libattr.so.1.1.2448
Antminer-KS5-CV-release-202408051728/BOOT.bin_extract/gzip.uncompressed_extract/usr/lib/libavahi-common.so.3.5.3
Antminer-KS5-CV-release-202408051728/BOOT.bin_extract/gzip.uncompressed_extract/usr/lib/libavahi-core.so.7.0.2
Antminer-KS5-CV-release-202408051728/BOOT.bin_extract/gzip.uncompressed_extract/usr/lib/libblkid.so.1.1.0
Antminer-KS5-CV-release-202408051728/BOOT.bin_extract/gzip.uncompressed_extract/usr/lib/libcom_err.so.2.1
Antminer-KS5-CV-release-202408051728/BOOT.bin_extract/gzip.uncompressed_extract/usr/lib/libcrypto.so.1.1
Antminer-KS5-CV-release-202408051728/BOOT.bin_extract/gzip.uncompressed_extract/usr/lib/libdaemon.so.0.5.0
Antminer-KS5-CV-release-202408051728/BOOT.bin_extract/gzip.uncompressed_extract/usr/lib/libe2p.so.2.3
Antminer-KS5-CV-release-202408051728/BOOT.bin_extract/gzip.uncompressed_extract/usr/lib/libevent-2.1.so.6.0.2
Antminer-KS5-CV-release-202408051728/BOOT.bin_extract/gzip.uncompressed_extract/usr/lib/libevent_core-2.1.so.6.0.2
Antminer-KS5-CV-release-202408051728/BOOT.bin_extract/gzip.uncompressed_extract/usr/lib/libevent_extra-2.1.so.6.0.2
Antminer-KS5-CV-release-202408051728/BOOT.bin_extract/gzip.uncompressed_extract/usr/lib/libevent_openssl-2.1.so.6.0.2
Antminer-KS5-CV-release-202408051728/BOOT.bin_extract/gzip.uncompressed_extract/usr/lib/libevent_pthreads-2.1.so.6.0.2
Antminer-KS5-CV-release-202408051728/BOOT.bin_extract/gzip.uncompressed_extract/usr/lib/libexpat.so.1.6.10
Antminer-KS5-CV-release-202408051728/BOOT.bin_extract/gzip.uncompressed_extract/usr/lib/libext2fs.so.2.4
Antminer-KS5-CV-release-202408051728/BOOT.bin_extract/gzip.uncompressed_extract/usr/lib/libi2c.so.0.1.1
Antminer-KS5-CV-release-202408051728/BOOT.bin_extract/gzip.uncompressed_extract/usr/lib/libip4tc.so.2.0.0
Antminer-KS5-CV-release-202408051728/BOOT.bin_extract/gzip.uncompressed_extract/usr/lib/libip6tc.so.2.0.0
Antminer-KS5-CV-release-202408051728/BOOT.bin_extract/gzip.uncompressed_extract/usr/lib/libiptc.so.0.0.0
Antminer-KS5-CV-release-202408051728/BOOT.bin_extract/gzip.uncompressed_extract/usr/lib/libkmod.so.2.3.3
Antminer-KS5-CV-release-202408051728/BOOT.bin_extract/gzip.uncompressed_extract/usr/lib/libssl.so.1.1
Antminer-KS5-CV-release-202408051728/BOOT.bin_extract/gzip.uncompressed_extract/usr/lib/libxtables.so.12.2.0
Antminer-KS5-CV-release-202408051728/BOOT.bin_extract/gzip.uncompressed_extract/usr/lib/libz.so.1.2.11
Antminer-KS5-CV-release-202408051728/BOOT.bin_extract/gzip.uncompressed_extract/usr/lib/libzlog.so.1.2
Antminer-KS5-CV-release-202408051728/BOOT.bin_extract/gzip.uncompressed_extract/usr/lib/lighttpd/mod_access.so
Antminer-KS5-CV-release-202408051728/BOOT.bin_extract/gzip.uncompressed_extract/usr/lib/lighttpd/mod_accesslog.so
Antminer-KS5-CV-release-202408051728/BOOT.bin_extract/gzip.uncompressed_extract/usr/lib/lighttpd/mod_alias.so
Antminer-KS5-CV-release-202408051728/BOOT.bin_extract/gzip.uncompressed_extract/usr/lib/lighttpd/mod_auth.so
Antminer-KS5-CV-release-202408051728/BOOT.bin_extract/gzip.uncompressed_extract/usr/lib/lighttpd/mod_cgi.so
Antminer-KS5-CV-release-202408051728/BOOT.bin_extract/gzip.uncompressed_extract/usr/lib/lighttpd/mod_cml.so
Antminer-KS5-CV-release-202408051728/BOOT.bin_extract/gzip.uncompressed_extract/usr/lib/lighttpd/mod_compress.so
Antminer-KS5-CV-release-202408051728/BOOT.bin_extract/gzip.uncompressed_extract/usr/lib/lighttpd/mod_dirlisting.so
Antminer-KS5-CV-release-202408051728/BOOT.bin_extract/gzip.uncompressed_extract/usr/lib/lighttpd/mod_evasive.so
Antminer-KS5-CV-release-202408051728/BOOT.bin_extract/gzip.uncompressed_extract/usr/lib/lighttpd/mod_evhost.so
Antminer-KS5-CV-release-202408051728/BOOT.bin_extract/gzip.uncompressed_extract/usr/lib/lighttpd/mod_expire.so
Antminer-KS5-CV-release-202408051728/BOOT.bin_extract/gzip.uncompressed_extract/usr/lib/lighttpd/mod_extforward.so
Antminer-KS5-CV-release-202408051728/BOOT.bin_extract/gzip.uncompressed_extract/usr/lib/lighttpd/mod_fastcgi.so
Antminer-KS5-CV-release-202408051728/BOOT.bin_extract/gzip.uncompressed_extract/usr/lib/lighttpd/mod_flv_streaming.so
Antminer-KS5-CV-release-202408051728/BOOT.bin_extract/gzip.uncompressed_extract/usr/lib/lighttpd/mod_indexfile.so
Antminer-KS5-CV-release-202408051728/BOOT.bin_extract/gzip.uncompressed_extract/usr/lib/lighttpd/mod_magnet.so
Antminer-KS5-CV-release-202408051728/BOOT.bin_extract/gzip.uncompressed_extract/usr/lib/lighttpd/mod_mysql_vhost.so
Antminer-KS5-CV-release-202408051728/BOOT.bin_extract/gzip.uncompressed_extract/usr/lib/lighttpd/mod_proxy.so
Antminer-KS5-CV-release-202408051728/BOOT.bin_extract/gzip.uncompressed_extract/usr/lib/lighttpd/mod_redirect.so
Antminer-KS5-CV-release-202408051728/BOOT.bin_extract/gzip.uncompressed_extract/usr/lib/lighttpd/mod_rewrite.so
Antminer-KS5-CV-release-202408051728/BOOT.bin_extract/gzip.uncompressed_extract/usr/lib/lighttpd/mod_rrdtool.so
Antminer-KS5-CV-release-202408051728/BOOT.bin_extract/gzip.uncompressed_extract/usr/lib/lighttpd/mod_scgi.so
Antminer-KS5-CV-release-202408051728/BOOT.bin_extract/gzip.uncompressed_extract/usr/lib/lighttpd/mod_secdownload.so
Antminer-KS5-CV-release-202408051728/BOOT.bin_extract/gzip.uncompressed_extract/usr/lib/lighttpd/mod_setenv.so
Antminer-KS5-CV-release-202408051728/BOOT.bin_extract/gzip.uncompressed_extract/usr/lib/lighttpd/mod_simple_vhost.so
Antminer-KS5-CV-release-202408051728/BOOT.bin_extract/gzip.uncompressed_extract/usr/lib/lighttpd/mod_ssi.so
Antminer-KS5-CV-release-202408051728/BOOT.bin_extract/gzip.uncompressed_extract/usr/lib/lighttpd/mod_staticfile.so
Antminer-KS5-CV-release-202408051728/BOOT.bin_extract/gzip.uncompressed_extract/usr/lib/lighttpd/mod_status.so
Antminer-KS5-CV-release-202408051728/BOOT.bin_extract/gzip.uncompressed_extract/usr/lib/lighttpd/mod_trigger_b4_dl.so
Antminer-KS5-CV-release-202408051728/BOOT.bin_extract/gzip.uncompressed_extract/usr/lib/lighttpd/mod_userdir.so
Antminer-KS5-CV-release-202408051728/BOOT.bin_extract/gzip.uncompressed_extract/usr/lib/lighttpd/mod_usertrack.so
Antminer-KS5-CV-release-202408051728/BOOT.bin_extract/gzip.uncompressed_extract/usr/lib/lighttpd/mod_webdav.so
Antminer-KS5-CV-release-202408051728/BOOT.bin_extract/gzip.uncompressed_extract/usr/lib/xtables/libip6t_DNAT.so
Antminer-KS5-CV-release-202408051728/BOOT.bin_extract/gzip.uncompressed_extract/usr/lib/xtables/libip6t_DNPT.so
Antminer-KS5-CV-release-202408051728/BOOT.bin_extract/gzip.uncompressed_extract/usr/lib/xtables/libip6t_HL.so
Antminer-KS5-CV-release-202408051728/BOOT.bin_extract/gzip.uncompressed_extract/usr/lib/xtables/libip6t_LOG.so
Antminer-KS5-CV-release-202408051728/BOOT.bin_extract/gzip.uncompressed_extract/usr/lib/xtables/libip6t_MASQUERADE.so
Antminer-KS5-CV-release-202408051728/BOOT.bin_extract/gzip.uncompressed_extract/usr/lib/xtables/libip6t_NETMAP.so
Antminer-KS5-CV-release-202408051728/BOOT.bin_extract/gzip.uncompressed_extract/usr/lib/xtables/libip6t_REDIRECT.so
Antminer-KS5-CV-release-202408051728/BOOT.bin_extract/gzip.uncompressed_extract/usr/lib/xtables/libip6t_REJECT.so
Antminer-KS5-CV-release-202408051728/BOOT.bin_extract/gzip.uncompressed_extract/usr/lib/xtables/libip6t_SNAT.so
Antminer-KS5-CV-release-202408051728/BOOT.bin_extract/gzip.uncompressed_extract/usr/lib/xtables/libip6t_SNPT.so
Antminer-KS5-CV-release-202408051728/BOOT.bin_extract/gzip.uncompressed_extract/usr/lib/xtables/libip6t_ah.so
Antminer-KS5-CV-release-202408051728/BOOT.bin_extract/gzip.uncompressed_extract/usr/lib/xtables/libip6t_dst.so
Antminer-KS5-CV-release-202408051728/BOOT.bin_extract/gzip.uncompressed_extract/usr/lib/xtables/libip6t_eui64.so
Antminer-KS5-CV-release-202408051728/BOOT.bin_extract/gzip.uncompressed_extract/usr/lib/xtables/libip6t_frag.so
Antminer-KS5-CV-release-202408051728/BOOT.bin_extract/gzip.uncompressed_extract/usr/lib/xtables/libip6t_hbh.so
Antminer-KS5-CV-release-202408051728/BOOT.bin_extract/gzip.uncompressed_extract/usr/lib/xtables/libip6t_hl.so
Antminer-KS5-CV-release-202408051728/BOOT.bin_extract/gzip.uncompressed_extract/usr/lib/xtables/libip6t_icmp6.so
Antminer-KS5-CV-release-202408051728/BOOT.bin_extract/gzip.uncompressed_extract/usr/lib/xtables/libip6t_ipv6header.so
Antminer-KS5-CV-release-202408051728/BOOT.bin_extract/gzip.uncompressed_extract/usr/lib/xtables/libip6t_mh.so
Antminer-KS5-CV-release-202408051728/BOOT.bin_extract/gzip.uncompressed_extract/usr/lib/xtables/libip6t_rt.so
Antminer-KS5-CV-release-202408051728/BOOT.bin_extract/gzip.uncompressed_extract/usr/lib/xtables/libip6t_srh.so
Antminer-KS5-CV-release-202408051728/BOOT.bin_extract/gzip.uncompressed_extract/usr/lib/xtables/libipt_CLUSTERIP.so
Antminer-KS5-CV-release-202408051728/BOOT.bin_extract/gzip.uncompressed_extract/usr/lib/xtables/libipt_DNAT.so
Antminer-KS5-CV-release-202408051728/BOOT.bin_extract/gzip.uncompressed_extract/usr/lib/xtables/libipt_ECN.so
Antminer-KS5-CV-release-202408051728/BOOT.bin_extract/gzip.uncompressed_extract/usr/lib/xtables/libipt_LOG.so
Antminer-KS5-CV-release-202408051728/BOOT.bin_extract/gzip.uncompressed_extract/usr/lib/xtables/libipt_MASQUERADE.so
Antminer-KS5-CV-release-202408051728/BOOT.bin_extract/gzip.uncompressed_extract/usr/lib/xtables/libipt_NETMAP.so
Antminer-KS5-CV-release-202408051728/BOOT.bin_extract/gzip.uncompressed_extract/usr/lib/xtables/libipt_REDIRECT.so
Antminer-KS5-CV-release-202408051728/BOOT.bin_extract/gzip.uncompressed_extract/usr/lib/xtables/libipt_REJECT.so
Antminer-KS5-CV-release-202408051728/BOOT.bin_extract/gzip.uncompressed_extract/usr/lib/xtables/libipt_SNAT.so
Antminer-KS5-CV-release-202408051728/BOOT.bin_extract/gzip.uncompressed_extract/usr/lib/xtables/libipt_TTL.so
Antminer-KS5-CV-release-202408051728/BOOT.bin_extract/gzip.uncompressed_extract/usr/lib/xtables/libipt_ULOG.so
Antminer-KS5-CV-release-202408051728/BOOT.bin_extract/gzip.uncompressed_extract/usr/lib/xtables/libipt_ah.so
Antminer-KS5-CV-release-202408051728/BOOT.bin_extract/gzip.uncompressed_extract/usr/lib/xtables/libipt_icmp.so
Antminer-KS5-CV-release-202408051728/BOOT.bin_extract/gzip.uncompressed_extract/usr/lib/xtables/libipt_realm.so
Antminer-KS5-CV-release-202408051728/BOOT.bin_extract/gzip.uncompressed_extract/usr/lib/xtables/libipt_ttl.so
Antminer-KS5-CV-release-202408051728/BOOT.bin_extract/gzip.uncompressed_extract/usr/lib/xtables/libxt_AUDIT.so
Antminer-KS5-CV-release-202408051728/BOOT.bin_extract/gzip.uncompressed_extract/usr/lib/xtables/libxt_CHECKSUM.so
Antminer-KS5-CV-release-202408051728/BOOT.bin_extract/gzip.uncompressed_extract/usr/lib/xtables/libxt_CLASSIFY.so
Antminer-KS5-CV-release-202408051728/BOOT.bin_extract/gzip.uncompressed_extract/usr/lib/xtables/libxt_CONNMARK.so
Antminer-KS5-CV-release-202408051728/BOOT.bin_extract/gzip.uncompressed_extract/usr/lib/xtables/libxt_CONNSECMARK.so
Antminer-KS5-CV-release-202408051728/BOOT.bin_extract/gzip.uncompressed_extract/usr/lib/xtables/libxt_CT.so
Antminer-KS5-CV-release-202408051728/BOOT.bin_extract/gzip.uncompressed_extract/usr/lib/xtables/libxt_DSCP.so
Antminer-KS5-CV-release-202408051728/BOOT.bin_extract/gzip.uncompressed_extract/usr/lib/xtables/libxt_HMARK.so
Antminer-KS5-CV-release-202408051728/BOOT.bin_extract/gzip.uncompressed_extract/usr/lib/xtables/libxt_IDLETIMER.so
Antminer-KS5-CV-release-202408051728/BOOT.bin_extract/gzip.uncompressed_extract/usr/lib/xtables/libxt_LED.so
Antminer-KS5-CV-release-202408051728/BOOT.bin_extract/gzip.uncompressed_extract/usr/lib/xtables/libxt_MARK.so
Antminer-KS5-CV-release-202408051728/BOOT.bin_extract/gzip.uncompressed_extract/usr/lib/xtables/libxt_NFLOG.so
Antminer-KS5-CV-release-202408051728/BOOT.bin_extract/gzip.uncompressed_extract/usr/lib/xtables/libxt_NFQUEUE.so
Antminer-KS5-CV-release-202408051728/BOOT.bin_extract/gzip.uncompressed_extract/usr/lib/xtables/libxt_RATEEST.so
Antminer-KS5-CV-release-202408051728/BOOT.bin_extract/gzip.uncompressed_extract/usr/lib/xtables/libxt_SECMARK.so
Antminer-KS5-CV-release-202408051728/BOOT.bin_extract/gzip.uncompressed_extract/usr/lib/xtables/libxt_SET.so
Antminer-KS5-CV-release-202408051728/BOOT.bin_extract/gzip.uncompressed_extract/usr/lib/xtables/libxt_SYNPROXY.so
Antminer-KS5-CV-release-202408051728/BOOT.bin_extract/gzip.uncompressed_extract/usr/lib/xtables/libxt_TCPMSS.so
Antminer-KS5-CV-release-202408051728/BOOT.bin_extract/gzip.uncompressed_extract/usr/lib/xtables/libxt_TCPOPTSTRIP.so
Antminer-KS5-CV-release-202408051728/BOOT.bin_extract/gzip.uncompressed_extract/usr/lib/xtables/libxt_TEE.so
Antminer-KS5-CV-release-202408051728/BOOT.bin_extract/gzip.uncompressed_extract/usr/lib/xtables/libxt_TOS.so
Antminer-KS5-CV-release-202408051728/BOOT.bin_extract/gzip.uncompressed_extract/usr/lib/xtables/libxt_TPROXY.so
Antminer-KS5-CV-release-202408051728/BOOT.bin_extract/gzip.uncompressed_extract/usr/lib/xtables/libxt_TRACE.so
Antminer-KS5-CV-release-202408051728/BOOT.bin_extract/gzip.uncompressed_extract/usr/lib/xtables/libxt_addrtype.so
Antminer-KS5-CV-release-202408051728/BOOT.bin_extract/gzip.uncompressed_extract/usr/lib/xtables/libxt_bpf.so
Antminer-KS5-CV-release-202408051728/BOOT.bin_extract/gzip.uncompressed_extract/usr/lib/xtables/libxt_cgroup.so
Antminer-KS5-CV-release-202408051728/BOOT.bin_extract/gzip.uncompressed_extract/usr/lib/xtables/libxt_cluster.so
Antminer-KS5-CV-release-202408051728/BOOT.bin_extract/gzip.uncompressed_extract/usr/lib/xtables/libxt_comment.so
Antminer-KS5-CV-release-202408051728/BOOT.bin_extract/gzip.uncompressed_extract/usr/lib/xtables/libxt_connbytes.so
Antminer-KS5-CV-release-202408051728/BOOT.bin_extract/gzip.uncompressed_extract/usr/lib/xtables/libxt_connlimit.so
Antminer-KS5-CV-release-202408051728/BOOT.bin_extract/gzip.uncompressed_extract/usr/lib/xtables/libxt_connmark.so
Antminer-KS5-CV-release-202408051728/BOOT.bin_extract/gzip.uncompressed_extract/usr/lib/xtables/libxt_conntrack.so
Antminer-KS5-CV-release-202408051728/BOOT.bin_extract/gzip.uncompressed_extract/usr/lib/xtables/libxt_cpu.so
Antminer-KS5-CV-release-202408051728/BOOT.bin_extract/gzip.uncompressed_extract/usr/lib/xtables/libxt_dccp.so
Antminer-KS5-CV-release-202408051728/BOOT.bin_extract/gzip.uncompressed_extract/usr/lib/xtables/libxt_devgroup.so
Antminer-KS5-CV-release-202408051728/BOOT.bin_extract/gzip.uncompressed_extract/usr/lib/xtables/libxt_dscp.so
Antminer-KS5-CV-release-202408051728/BOOT.bin_extract/gzip.uncompressed_extract/usr/lib/xtables/libxt_ecn.so
Antminer-KS5-CV-release-202408051728/BOOT.bin_extract/gzip.uncompressed_extract/usr/lib/xtables/libxt_esp.so
Antminer-KS5-CV-release-202408051728/BOOT.bin_extract/gzip.uncompressed_extract/usr/lib/xtables/libxt_hashlimit.so
Antminer-KS5-CV-release-202408051728/BOOT.bin_extract/gzip.uncompressed_extract/usr/lib/xtables/libxt_helper.so
Antminer-KS5-CV-release-202408051728/BOOT.bin_extract/gzip.uncompressed_extract/usr/lib/xtables/libxt_ipcomp.so
Antminer-KS5-CV-release-202408051728/BOOT.bin_extract/gzip.uncompressed_extract/usr/lib/xtables/libxt_iprange.so
Antminer-KS5-CV-release-202408051728/BOOT.bin_extract/gzip.uncompressed_extract/usr/lib/xtables/libxt_ipvs.so
Antminer-KS5-CV-release-202408051728/BOOT.bin_extract/gzip.uncompressed_extract/usr/lib/xtables/libxt_length.so
Antminer-KS5-CV-release-202408051728/BOOT.bin_extract/gzip.uncompressed_extract/usr/lib/xtables/libxt_limit.so
Antminer-KS5-CV-release-202408051728/BOOT.bin_extract/gzip.uncompressed_extract/usr/lib/xtables/libxt_mac.so
Antminer-KS5-CV-release-202408051728/BOOT.bin_extract/gzip.uncompressed_extract/usr/lib/xtables/libxt_mark.so
Antminer-KS5-CV-release-202408051728/BOOT.bin_extract/gzip.uncompressed_extract/usr/lib/xtables/libxt_multiport.so
Antminer-KS5-CV-release-202408051728/BOOT.bin_extract/gzip.uncompressed_extract/usr/lib/xtables/libxt_nfacct.so
Antminer-KS5-CV-release-202408051728/BOOT.bin_extract/gzip.uncompressed_extract/usr/lib/xtables/libxt_osf.so
Antminer-KS5-CV-release-202408051728/BOOT.bin_extract/gzip.uncompressed_extract/usr/lib/xtables/libxt_owner.so
Antminer-KS5-CV-release-202408051728/BOOT.bin_extract/gzip.uncompressed_extract/usr/lib/xtables/libxt_physdev.so
Antminer-KS5-CV-release-202408051728/BOOT.bin_extract/gzip.uncompressed_extract/usr/lib/xtables/libxt_pkttype.so
Antminer-KS5-CV-release-202408051728/BOOT.bin_extract/gzip.uncompressed_extract/usr/lib/xtables/libxt_policy.so
Antminer-KS5-CV-release-202408051728/BOOT.bin_extract/gzip.uncompressed_extract/usr/lib/xtables/libxt_quota.so
Antminer-KS5-CV-release-202408051728/BOOT.bin_extract/gzip.uncompressed_extract/usr/lib/xtables/libxt_rateest.so
Antminer-KS5-CV-release-202408051728/BOOT.bin_extract/gzip.uncompressed_extract/usr/lib/xtables/libxt_recent.so
Antminer-KS5-CV-release-202408051728/BOOT.bin_extract/gzip.uncompressed_extract/usr/lib/xtables/libxt_rpfilter.so
Antminer-KS5-CV-release-202408051728/BOOT.bin_extract/gzip.uncompressed_extract/usr/lib/xtables/libxt_sctp.so
Antminer-KS5-CV-release-202408051728/BOOT.bin_extract/gzip.uncompressed_extract/usr/lib/xtables/libxt_set.so
Antminer-KS5-CV-release-202408051728/BOOT.bin_extract/gzip.uncompressed_extract/usr/lib/xtables/libxt_socket.so
Antminer-KS5-CV-release-202408051728/BOOT.bin_extract/gzip.uncompressed_extract/usr/lib/xtables/libxt_standard.so
Antminer-KS5-CV-release-202408051728/BOOT.bin_extract/gzip.uncompressed_extract/usr/lib/xtables/libxt_statistic.so
Antminer-KS5-CV-release-202408051728/BOOT.bin_extract/gzip.uncompressed_extract/usr/lib/xtables/libxt_string.so
Antminer-KS5-CV-release-202408051728/BOOT.bin_extract/gzip.uncompressed_extract/usr/lib/xtables/libxt_tcp.so
Antminer-KS5-CV-release-202408051728/BOOT.bin_extract/gzip.uncompressed_extract/usr/lib/xtables/libxt_tcpmss.so
Antminer-KS5-CV-release-202408051728/BOOT.bin_extract/gzip.uncompressed_extract/usr/lib/xtables/libxt_time.so
Antminer-KS5-CV-release-202408051728/BOOT.bin_extract/gzip.uncompressed_extract/usr/lib/xtables/libxt_tos.so
Antminer-KS5-CV-release-202408051728/BOOT.bin_extract/gzip.uncompressed_extract/usr/lib/xtables/libxt_u32.so
Antminer-KS5-CV-release-202408051728/BOOT.bin_extract/gzip.uncompressed_extract/usr/lib/xtables/libxt_udp.so
Antminer-KS5-CV-release-202408051728/BOOT.bin_extract/gzip.uncompressed_extract/usr/libexec/sudo/group_file.so
Antminer-KS5-CV-release-202408051728/BOOT.bin_extract/gzip.uncompressed_extract/usr/libexec/sudo/libsudo_util.so.0.0.0
Antminer-KS5-CV-release-202408051728/BOOT.bin_extract/gzip.uncompressed_extract/usr/libexec/sudo/sudo_noexec.so
Antminer-KS5-CV-release-202408051728/BOOT.bin_extract/gzip.uncompressed_extract/usr/libexec/sudo/sudoers.so
Antminer-KS5-CV-release-202408051728/BOOT.bin_extract/gzip.uncompressed_extract/usr/libexec/sudo/system_group.so
Antminer-KS5-CV-release-202408051728/BOOT.bin_extract/gzip.uncompressed_extract/usr/sbin/avahi-autoipd
Antminer-KS5-CV-release-202408051728/BOOT.bin_extract/gzip.uncompressed_extract/usr/sbin/avahi-daemon
Antminer-KS5-CV-release-202408051728/BOOT.bin_extract/gzip.uncompressed_extract/usr/sbin/avahi-dnsconfd
Antminer-KS5-CV-release-202408051728/BOOT.bin_extract/gzip.uncompressed_extract/usr/sbin/dropbear
Antminer-KS5-CV-release-202408051728/BOOT.bin_extract/gzip.uncompressed_extract/usr/sbin/eeprog
Antminer-KS5-CV-release-202408051728/BOOT.bin_extract/gzip.uncompressed_extract/usr/sbin/gdisk
Antminer-KS5-CV-release-202408051728/BOOT.bin_extract/gzip.uncompressed_extract/usr/sbin/i2cdetect
Antminer-KS5-CV-release-202408051728/BOOT.bin_extract/gzip.uncompressed_extract/usr/sbin/i2cdump
Antminer-KS5-CV-release-202408051728/BOOT.bin_extract/gzip.uncompressed_extract/usr/sbin/i2cget
Antminer-KS5-CV-release-202408051728/BOOT.bin_extract/gzip.uncompressed_extract/usr/sbin/i2cset
Antminer-KS5-CV-release-202408051728/BOOT.bin_extract/gzip.uncompressed_extract/usr/sbin/i2ctransfer
Antminer-KS5-CV-release-202408051728/BOOT.bin_extract/gzip.uncompressed_extract/usr/sbin/lighttpd
Antminer-KS5-CV-release-202408051728/BOOT.bin_extract/gzip.uncompressed_extract/usr/sbin/lighttpd-angel
Antminer-KS5-CV-release-202408051728/BOOT.bin_extract/gzip.uncompressed_extract/usr/sbin/ntpd
Antminer-KS5-CV-release-202408051728/BOOT.bin_extract/gzip.uncompressed_extract/usr/sbin/update-daemon
Antminer-KS5-CV-release-202408051728/BOOT.bin_extract/gzip.uncompressed_extract/usr/sbin/visudo
Antminer-KS5-CV-release-202408051728/BOOT.bin_extract/gzip.uncompressed_extract/usr/sbin/xtables-legacy-multi
Antminer-KS5-CV-release-202408281112/BOOT.bin_extract/gzip.uncompressed_extract/bin/busybox
Antminer-KS5-CV-release-202408281112/BOOT.bin_extract/gzip.uncompressed_extract/lib/modules/uart_trans.ko
Antminer-KS5-CV-release-202408281112/BOOT.bin_extract/gzip.uncompressed_extract/mnt/system/ko/uart_trans.ko
Antminer-KS5-CV-release-202408281112/BOOT.bin_extract/gzip.uncompressed_extract/usr/bin/godminer
Antminer-KS5-CV-release-202408281112/BOOT.bin_extract/gzip.uncompressed_extract/usr/bin/monitor-ipsig
Antminer-KS5-CV-release-202408281112/BOOT.bin_extract/gzip.uncompressed_extract/usr/bin/monitor-recobtn
Antminer-KS5-CV-release-202408281112/BOOT.bin_extract/gzip.uncompressed_extract/usr/bin/ntpdate
Antminer-KS5-CV-release-202408281112/BOOT.bin_extract/gzip.uncompressed_extract/usr/lib/libcrypto.so.1.1
Antminer-KS5-CV-release-202408281112/BOOT.bin_extract/gzip.uncompressed_extract/usr/sbin/lighttpd
Antminer-KS5-CV-release-202408281112/BOOT.bin_extract/gzip.uncompressed_extract/usr/sbin/ntpd
Antminer-KS5-release-202412201447/BOOT.bin_extract/gzip.uncompressed_extract/bin/busybox
Antminer-KS5-release-202412201447/BOOT.bin_extract/gzip.uncompressed_extract/usr/bin/godminer
Antminer-KS5-release-202412201447/BOOT.bin_extract/gzip.uncompressed_extract/usr/bin/monitor-ipsig
Antminer-KS5-release-202412201447/BOOT.bin_extract/gzip.uncompressed_extract/usr/bin/monitor-recobtn
Antminer-KS5-release-202412201447/BOOT.bin_extract/gzip.uncompressed_extract/usr/bin/ntpdate
Antminer-KS5-release-202412201447/BOOT.bin_extract/gzip.uncompressed_extract/usr/lib/libcrypto.so.1.1
Antminer-KS5-release-202412201447/BOOT.bin_extract/gzip.uncompressed_extract/usr/sbin/lighttpd
Antminer-KS5-release-202412201447/BOOT.bin_extract/gzip.uncompressed_extract/usr/sbin/ntpd
Antminer-KS518T-CV-release-202404261809/BOOT.bin_extract/gzip.uncompressed_extract/bin/busybox
Antminer-KS518T-CV-release-202404261809/BOOT.bin_extract/gzip.uncompressed_extract/usr/bin/godminer
Antminer-KS518T-CV-release-202404261809/BOOT.bin_extract/gzip.uncompressed_extract/usr/bin/monitor-ipsig
Antminer-KS518T-CV-release-202404261809/BOOT.bin_extract/gzip.uncompressed_extract/usr/bin/monitor-recobtn
Antminer-KS518T-CV-release-202404261809/BOOT.bin_extract/gzip.uncompressed_extract/usr/bin/ntpdate
Antminer-KS518T-CV-release-202404261809/BOOT.bin_extract/gzip.uncompressed_extract/usr/lib/libcrypto.so.1.1
Antminer-KS518T-CV-release-202404261809/BOOT.bin_extract/gzip.uncompressed_extract/usr/sbin/lighttpd
Antminer-KS518T-CV-release-202404261809/BOOT.bin_extract/gzip.uncompressed_extract/usr/sbin/ntpd
ks5-18t-sd2nand-cvctrl-202403122109/minerfs.no_header_extract/bin/busybox
ks5-18t-sd2nand-cvctrl-202403122109/minerfs.no_header_extract/lib/modules/uart_trans.ko
ks5-18t-sd2nand-cvctrl-202403122109/minerfs.no_header_extract/usr/bin/FileParser
ks5-18t-sd2nand-cvctrl-202403122109/minerfs.no_header_extract/usr/bin/godminer
ks5-18t-sd2nand-cvctrl-202403122109/minerfs.no_header_extract/usr/bin/monitor-ipsig
ks5-18t-sd2nand-cvctrl-202403122109/minerfs.no_header_extract/usr/bin/monitor-recobtn
ks5-18t-sd2nand-cvctrl-202403122109/minerfs.no_header_extract/usr/bin/ntpdate
ks5-18t-sd2nand-cvctrl-202403122109/minerfs.no_header_extract/usr/lib/libcrypto.so.1.1
ks5-18t-sd2nand-cvctrl-202403122109/minerfs.no_header_extract/usr/sbin/lighttpd
ks5-18t-sd2nand-cvctrl-202403122109/minerfs.no_header_extract/usr/sbin/ntpd
